[2025-02-24T17:11:56.440845-03:00] name.INFO: Página acessada. {"pagina":"DeleteUser","parametro":""} []
[2025-02-24T17:11:56.459446-03:00] name.ERROR: Usuário não encontrado {"id":0} []
[2025-02-24T17:11:56.474832-03:00] name.INFO: Página acessada. {"pagina":"ListUsers","parametro":""} []
[2025-02-24T17:15:12.950142-03:00] name.INFO: Página acessada. {"pagina":"ListUsers","parametro":""} []
[2025-02-24T17:15:14.372843-03:00] name.INFO: Página acessada. {"pagina":"DeleteUser","parametro":""} []
[2025-02-24T17:15:14.393214-03:00] name.ERROR: Usuário não encontrado {"id":0} []
[2025-02-24T17:15:14.402921-03:00] name.INFO: Página acessada. {"pagina":"ListUsers","parametro":""} []
[2025-02-24T17:15:49.357982-03:00] name.INFO: Página acessada. {"pagina":"ListUsers","parametro":""} []
[2025-02-24T17:15:50.980922-03:00] name.INFO: Página acessada. {"pagina":"DeleteUser","parametro":""} []
[2025-02-24T17:15:50.984606-03:00] name.ERROR: Usuário não encontrado {"id":0} []
[2025-02-24T17:15:50.996864-03:00] name.INFO: Página acessada. {"pagina":"ListUsers","parametro":""} []
[2025-02-24T17:16:01.678851-03:00] name.INFO: Página acessada. {"pagina":"ListUsers","parametro":""} []
[2025-02-24T17:16:03.053106-03:00] name.INFO: Página acessada. {"pagina":"DeleteUser","parametro":""} []
[2025-02-24T17:16:03.057145-03:00] name.ERROR: Usuário não encontrado {"id":0} []
[2025-02-24T17:16:03.066347-03:00] name.INFO: Página acessada. {"pagina":"ListUsers","parametro":""} []
[2025-02-24T17:16:04.580240-03:00] name.INFO: Página acessada. {"pagina":"DeleteUser","parametro":""} []
[2025-02-24T17:16:04.598432-03:00] name.ERROR: Usuário não encontrado {"id":0} []
[2025-02-24T17:16:04.610987-03:00] name.INFO: Página acessada. {"pagina":"ListUsers","parametro":""} []
[2025-02-24T17:16:58.885389-03:00] name.INFO: Página acessada. {"pagina":"ListUsers","parametro":""} []
[2025-02-24T17:17:00.677045-03:00] name.INFO: Página acessada. {"pagina":"DeleteUser","parametro":""} []
[2025-02-24T17:17:00.699471-03:00] name.ERROR: Usuário não encontrado {"id":0} []
[2025-02-24T17:17:00.712547-03:00] name.INFO: Página acessada. {"pagina":"ListUsers","parametro":""} []
[2025-02-24T17:17:27.420860-03:00] name.INFO: Página acessada. {"pagina":"DeleteUser","parametro":""} []
[2025-02-24T17:17:27.448144-03:00] name.ERROR: Usuário não encontrado {"id":0} []
[2025-02-24T17:17:27.459208-03:00] name.INFO: Página acessada. {"pagina":"ListUsers","parametro":""} []
[2025-02-24T17:17:43.064047-03:00] name.INFO: Página acessada. {"pagina":"DeleteUser","parametro":""} []
[2025-02-24T17:17:43.080287-03:00] name.ERROR: Usuário não encontrado {"id":0} []
[2025-02-24T17:17:43.092183-03:00] name.INFO: Página acessada. {"pagina":"ListUsers","parametro":""} []
[2025-02-24T17:17:43.993570-03:00] name.INFO: Página acessada. {"pagina":"DeleteUser","parametro":""} []
[2025-02-24T17:17:44.012470-03:00] name.ERROR: Usuário não encontrado {"id":0} []
[2025-02-24T17:17:44.023796-03:00] name.INFO: Página acessada. {"pagina":"ListUsers","parametro":""} []
[2025-02-24T17:17:44.540231-03:00] name.INFO: Página acessada. {"pagina":"DeleteUser","parametro":""} []
[2025-02-24T17:17:44.556416-03:00] name.ERROR: Usuário não encontrado {"id":0} []
[2025-02-24T17:17:44.569380-03:00] name.INFO: Página acessada. {"pagina":"ListUsers","parametro":""} []
[2025-02-24T17:17:45.198179-03:00] name.INFO: Página acessada. {"pagina":"DeleteUser","parametro":""} []
[2025-02-24T17:17:45.222797-03:00] name.ERROR: Usuário não encontrado {"id":0} []
[2025-02-24T17:17:45.232172-03:00] name.INFO: Página acessada. {"pagina":"ListUsers","parametro":""} []
[2025-02-24T17:17:45.613875-03:00] name.INFO: Página acessada. {"pagina":"DeleteUser","parametro":""} []
[2025-02-24T17:17:45.641520-03:00] name.ERROR: Usuário não encontrado {"id":0} []
[2025-02-24T17:17:45.650596-03:00] name.INFO: Página acessada. {"pagina":"ListUsers","parametro":""} []
[2025-02-24T17:17:45.992221-03:00] name.INFO: Página acessada. {"pagina":"DeleteUser","parametro":""} []
[2025-02-24T17:17:46.013172-03:00] name.ERROR: Usuário não encontrado {"id":0} []
[2025-02-24T17:17:46.027858-03:00] name.INFO: Página acessada. {"pagina":"ListUsers","parametro":""} []
[2025-02-24T17:17:46.282013-03:00] name.INFO: Página acessada. {"pagina":"DeleteUser","parametro":""} []
[2025-02-24T17:17:46.307246-03:00] name.ERROR: Usuário não encontrado {"id":0} []
[2025-02-24T17:17:46.316147-03:00] name.INFO: Página acessada. {"pagina":"ListUsers","parametro":""} []
[2025-02-24T17:18:20.923951-03:00] name.INFO: Página acessada. {"pagina":"DeleteUser","parametro":""} []
[2025-02-24T17:18:20.947106-03:00] name.ERROR: Usuário não encontrado {"id":0} []
[2025-02-24T17:18:20.960017-03:00] name.INFO: Página acessada. {"pagina":"ListUsers","parametro":""} []
[2025-02-24T17:19:23.369350-03:00] name.INFO: Página acessada. {"pagina":"ListUsers","parametro":""} []
[2025-02-24T17:19:24.691525-03:00] name.INFO: Página acessada. {"pagina":"DeleteUser","parametro":""} []
[2025-02-24T17:19:33.844657-03:00] name.INFO: Página acessada. {"pagina":"DeleteUser","parametro":""} []
[2025-02-24T17:19:33.898818-03:00] name.INFO: Página acessada. {"pagina":"ListUsers","parametro":""} []
[2025-02-24T17:20:06.761269-03:00] name.INFO: Página acessada. {"pagina":"ListUsers","parametro":""} []
[2025-02-24T17:20:38.012337-03:00] name.INFO: Página acessada. {"pagina":"ListUsers","parametro":"2"} []
[2025-02-24T17:20:43.244040-03:00] name.INFO: Página acessada. {"pagina":"ListUsers","parametro":"delete-user"} []
[2025-02-24T17:20:49.952671-03:00] name.INFO: Página acessada. {"pagina":"ListUsers","parametro":"2"} []
[2025-02-24T17:21:13.388642-03:00] name.INFO: Página acessada. {"pagina":"ListUsers","parametro":"2"} []
[2025-02-24T17:21:15.744218-03:00] name.INFO: Página acessada. {"pagina":"ListUsers","parametro":"3"} []
[2025-02-24T17:21:17.552007-03:00] name.INFO: Página acessada. {"pagina":"ListUsers","parametro":"delete-user"} []
[2025-02-24T17:21:27.509923-03:00] name.INFO: Página acessada. {"pagina":"UpdateUser","parametro":"29"} []
[2025-02-24T17:21:28.972863-03:00] name.INFO: Página acessada. {"pagina":"ListUsers","parametro":""} []
[2025-02-24T17:21:31.700009-03:00] name.INFO: Página acessada. {"pagina":"DeleteUser","parametro":""} []
[2025-02-24T17:21:31.724635-03:00] name.INFO: Página acessada. {"pagina":"ListUsers","parametro":""} []
[2025-02-24T17:21:38.481962-03:00] name.INFO: Página acessada. {"pagina":"DeleteUser","parametro":""} []
[2025-02-24T17:21:38.513318-03:00] name.INFO: Página acessada. {"pagina":"ListUsers","parametro":""} []
[2025-02-24T17:21:42.871228-03:00] name.INFO: Página acessada. {"pagina":"DeleteUser","parametro":""} []
[2025-02-24T17:21:42.892111-03:00] name.INFO: Página acessada. {"pagina":"ListUsers","parametro":""} []
[2025-02-24T17:23:26.075642-03:00] name.INFO: Página acessada. {"pagina":"DeleteUser","parametro":""} []
[2025-02-24T17:23:50.719719-03:00] name.INFO: Página acessada. {"pagina":"ListUsers","parametro":""} []
[2025-02-24T17:24:13.631383-03:00] name.INFO: Página acessada. {"pagina":"ListUsers","parametro":""} []
[2025-02-24T17:24:15.926524-03:00] name.INFO: Página acessada. {"pagina":"DeleteUser","parametro":""} []
[2025-02-24T17:24:15.960712-03:00] name.INFO: Página acessada. {"pagina":"ListUsers","parametro":""} []
[2025-02-24T17:24:19.785855-03:00] name.INFO: Página acessada. {"pagina":"ListUsers","parametro":"2"} []
[2025-02-24T17:24:22.061938-03:00] name.INFO: Página acessada. {"pagina":"ListUsers","parametro":"3"} []
[2025-02-24T17:24:24.349314-03:00] name.INFO: Página acessada. {"pagina":"ListUsers","parametro":"4"} []
[2025-02-24T17:24:28.479741-03:00] name.INFO: Página acessada. {"pagina":"ListUsers","parametro":""} []
[2025-02-24T17:25:21.857653-03:00] name.INFO: Página acessada. {"pagina":"ListUsers","parametro":"delete-user"} []
[2025-02-24T17:25:26.975519-03:00] name.INFO: Página acessada. {"pagina":"ListUsers","parametro":"delete-user"} []
[2025-02-24T17:25:32.516633-03:00] name.INFO: Página acessada. {"pagina":"ListUsers","parametro":""} []
[2025-02-24T17:25:42.393952-03:00] name.INFO: Página acessada. {"pagina":"ListUsers","parametro":"2"} []
[2025-02-24T17:25:46.314440-03:00] name.INFO: Página acessada. {"pagina":"ListUsers","parametro":"3"} []
[2025-02-24T17:25:51.143131-03:00] name.INFO: Página acessada. {"pagina":"ListUsers","parametro":"4"} []
[2025-02-24T17:25:55.862709-03:00] name.INFO: Página acessada. {"pagina":"ListUsers","parametro":"2"} []
[2025-02-24T17:25:58.646165-03:00] name.INFO: Página acessada. {"pagina":"ListUsers","parametro":"delete-user"} []
[2025-02-24T17:32:33.542687-03:00] name.INFO: Página acessada. {"pagina":"ListUsers","parametro":"delete-user"} []
[2025-02-24T17:32:39.802724-03:00] name.INFO: Página acessada. {"pagina":"ListUsers","parametro":""} []
[2025-02-24T17:32:43.302642-03:00] name.INFO: Página acessada. {"pagina":"DeleteUser","parametro":""} []
[2025-02-24T17:32:43.322131-03:00] name.INFO: Página acessada. {"pagina":"ListUsers","parametro":""} []
[2025-02-24T17:33:38.115398-03:00] name.INFO: Página acessada. {"pagina":"ListUsers","parametro":""} []
[2025-02-24T17:33:41.067902-03:00] name.INFO: Página acessada. {"pagina":"ListUsers","parametro":"2"} []
[2025-02-24T17:33:46.182976-03:00] name.INFO: Página acessada. {"pagina":"ListUsers","parametro":""} []
[2025-02-24T17:43:52.405846-03:00] name.INFO: Página acessada. {"pagina":"ListUsers","parametro":""} []
[2025-02-24T17:44:02.274445-03:00] name.INFO: Página acessada. {"pagina":"ListUsers","parametro":""} []
[2025-02-24T17:46:23.610774-03:00] name.INFO: Página acessada. {"pagina":"ListUsers","parametro":""} []
[2025-02-24T17:47:13.529753-03:00] name.INFO: Página acessada. {"pagina":"ListUsers","parametro":""} []
[2025-02-24T17:49:17.172086-03:00] name.INFO: Página acessada. {"pagina":"ListUsers","parametro":""} []
[2025-02-24T17:49:18.859089-03:00] name.INFO: Página acessada. {"pagina":"ListUsers","parametro":"2"} []
[2025-02-24T17:49:20.302862-03:00] name.INFO: Página acessada. {"pagina":"ListUsers","parametro":"1"} []
[2025-02-24T17:53:48.318871-03:00] name.INFO: Página acessada. {"pagina":"ListUsers","parametro":"1"} []
[2025-02-24T17:54:11.584356-03:00] name.INFO: Página acessada. {"pagina":"ListUsers","parametro":"1"} []
[2025-02-24T17:54:54.539633-03:00] name.INFO: Página acessada. {"pagina":"ListUsers","parametro":"1"} []
[2025-02-24T17:56:51.913670-03:00] name.INFO: Página acessada. {"pagina":"ListUsers","parametro":"1"} []
[2025-02-24T17:56:52.850373-03:00] name.INFO: Página acessada. {"pagina":"CreateUser","parametro":""} []
[2025-02-24T17:56:54.280773-03:00] name.INFO: Página acessada. {"pagina":"ListUsers","parametro":""} []
