[2025-02-25T11:32:36.893138-03:00] name.ERROR: Página não encontrada. {"pagina":"ListUsers","parametro":""} []
[2025-02-25T11:32:36.902760-03:00] name.INFO: Página acessada. {"pagina":"ListUsers","parametro":""} []
[2025-02-25T11:32:36.953931-03:00] name.INFO: Página acessada. {"pagina":"Login","parametro":""} []
[2025-02-25T11:33:29.813235-03:00] name.INFO: Página acessada. {"pagina":"Login","parametro":""} []
[2025-02-25T11:34:14.179298-03:00] name.INFO: Página acessada. {"pagina":"Login","parametro":""} []
[2025-02-25T11:34:43.444616-03:00] name.INFO: Página acessada. {"pagina":"Login","parametro":""} []
[2025-02-25T11:35:10.411043-03:00] name.INFO: Página acessada. {"pagina":"Login","parametro":""} []
[2025-02-25T11:35:10.543703-03:00] name.INFO: Página acessada. {"pagina":"Login","parametro":""} []
[2025-02-25T11:35:10.685392-03:00] name.INFO: Página acessada. {"pagina":"Login","parametro":""} []
[2025-02-25T11:35:10.828323-03:00] name.INFO: Página acessada. {"pagina":"Login","parametro":""} []
[2025-02-25T11:35:12.355464-03:00] name.INFO: Página acessada. {"pagina":"Login","parametro":""} []
[2025-02-25T11:35:24.933505-03:00] name.INFO: Página acessada. {"pagina":"Login","parametro":""} []
[2025-02-25T11:35:25.877444-03:00] name.INFO: Página acessada. {"pagina":"Login","parametro":""} []
[2025-02-25T11:35:26.460117-03:00] name.INFO: Página acessada. {"pagina":"Login","parametro":""} []
[2025-02-25T11:35:27.524931-03:00] name.INFO: Página acessada. {"pagina":"Login","parametro":""} []
[2025-02-25T11:35:39.880907-03:00] name.INFO: Página acessada. {"pagina":"Login","parametro":""} []
[2025-02-25T11:35:44.157231-03:00] name.INFO: Página acessada. {"pagina":"Login","parametro":""} []
[2025-02-25T11:35:55.690385-03:00] name.INFO: Página acessada. {"pagina":"Login","parametro":""} []
[2025-02-25T11:36:04.473562-03:00] name.INFO: Página acessada. {"pagina":"Login","parametro":""} []
[2025-02-25T11:36:10.549749-03:00] name.INFO: Página acessada. {"pagina":"Login","parametro":""} []
[2025-02-25T11:36:18.092198-03:00] name.INFO: Página acessada. {"pagina":"Login","parametro":""} []
[2025-02-25T11:36:23.876507-03:00] name.INFO: Página acessada. {"pagina":"Login","parametro":""} []
[2025-02-25T11:36:26.975108-03:00] name.INFO: Página acessada. {"pagina":"Login","parametro":""} []
[2025-02-25T11:36:27.607759-03:00] name.INFO: Página acessada. {"pagina":"Login","parametro":""} []
[2025-02-25T11:36:27.779458-03:00] name.INFO: Página acessada. {"pagina":"Login","parametro":""} []
[2025-02-25T11:36:31.386038-03:00] name.INFO: Página acessada. {"pagina":"Login","parametro":""} []
[2025-02-25T11:36:34.529898-03:00] name.INFO: Página acessada. {"pagina":"Login","parametro":""} []
[2025-02-25T11:36:35.088431-03:00] name.INFO: Página acessada. {"pagina":"Login","parametro":""} []
[2025-02-25T11:36:35.261215-03:00] name.INFO: Página acessada. {"pagina":"Login","parametro":""} []
[2025-02-25T11:36:50.007222-03:00] name.INFO: Página acessada. {"pagina":"Login","parametro":""} []
[2025-02-25T11:37:03.527177-03:00] name.INFO: Página acessada. {"pagina":"Login","parametro":""} []
[2025-02-25T11:37:03.742997-03:00] name.ERROR: Usuário incorreto {"username":"carlitos"} []
[2025-02-25T11:37:10.155645-03:00] name.INFO: Página acessada. {"pagina":"Login","parametro":""} []
[2025-02-25T11:37:10.196203-03:00] name.ERROR: Usuário incorreto {"username":"josemarti"} []
[2025-02-25T11:37:13.711179-03:00] name.INFO: Página acessada. {"pagina":"Login","parametro":""} []
[2025-02-25T11:37:13.758764-03:00] name.ERROR: Usuário incorreto {"username":"josemarti"} []
[2025-02-25T11:37:17.491986-03:00] name.INFO: Página acessada. {"pagina":"Login","parametro":""} []
[2025-02-25T11:37:17.518648-03:00] name.ERROR: Usuário incorreto {"username":"josemarti"} []
[2025-02-25T11:37:23.738447-03:00] name.INFO: Página acessada. {"pagina":"Login","parametro":""} []
[2025-02-25T11:37:23.772301-03:00] name.ERROR: Usuário incorreto {"username":"jose martinez"} []
[2025-02-25T11:37:57.152744-03:00] name.INFO: Página acessada. {"pagina":"Login","parametro":""} []
[2025-02-25T11:37:57.186130-03:00] name.ERROR: Usuário incorreto {"username":"claudia"} []
[2025-02-25T11:38:00.733386-03:00] name.INFO: Página acessada. {"pagina":"Login","parametro":""} []
[2025-02-25T11:38:00.758491-03:00] name.ERROR: Usuário incorreto {"username":"claudia"} []
[2025-02-25T11:38:18.656357-03:00] name.INFO: Página acessada. {"pagina":"Login","parametro":""} []
[2025-02-25T11:38:18.705369-03:00] name.ERROR: Usuário incorreto {"username":"Glauber Santana"} []
[2025-02-25T11:38:28.997167-03:00] name.INFO: Página acessada. {"pagina":"Login","parametro":""} []
[2025-02-25T11:38:29.021727-03:00] name.ERROR: Usuário incorreto {"username":"Barney Bay"} []
[2025-02-25T11:38:36.883595-03:00] name.INFO: Página acessada. {"pagina":"Login","parametro":""} []
[2025-02-25T11:38:36.900304-03:00] name.ERROR: Usuário incorreto {"username":"Big Die"} []
[2025-02-25T11:38:38.470177-03:00] name.INFO: Página acessada. {"pagina":"NewUser","parametro":""} []
[2025-02-25T11:39:03.035494-03:00] name.INFO: Página acessada. {"pagina":"NewUser","parametro":""} []
[2025-02-25T11:39:03.154795-03:00] name.INFO: Página acessada. {"pagina":"Login","parametro":""} []
[2025-02-25T11:39:07.085914-03:00] name.INFO: Página acessada. {"pagina":"Login","parametro":""} []
[2025-02-25T11:39:07.247742-03:00] name.INFO: Página acessada. {"pagina":"Dashboard","parametro":""} []
[2025-02-25T11:39:39.599355-03:00] name.INFO: Página acessada. {"pagina":"ListUsers","parametro":""} []
[2025-02-25T11:40:37.956111-03:00] name.INFO: Página acessada. {"pagina":"ListUsers","parametro":""} []
[2025-02-25T11:40:39.422172-03:00] name.INFO: Página acessada. {"pagina":"Dashboard","parametro":""} []
[2025-02-25T11:41:04.150913-03:00] name.INFO: Página acessada. {"pagina":"Dashboard","parametro":""} []
[2025-02-25T11:41:04.802782-03:00] name.INFO: Página acessada. {"pagina":"Dashboard","parametro":""} []
[2025-02-25T11:41:09.317042-03:00] name.INFO: Página acessada. {"pagina":"Dashboard","parametro":""} []
[2025-02-25T11:41:13.533815-03:00] name.INFO: Página acessada. {"pagina":"Dashboard","parametro":""} []
[2025-02-25T11:42:40.975176-03:00] name.INFO: Página acessada. {"pagina":"Dashboard","parametro":""} []
[2025-02-25T11:42:44.102012-03:00] name.INFO: Página acessada. {"pagina":"ListUsers","parametro":""} []
[2025-02-25T11:43:45.302756-03:00] name.INFO: Página acessada. {"pagina":"ListUsers","parametro":""} []
[2025-02-25T11:44:21.562245-03:00] name.INFO: Página acessada. {"pagina":"ListUsers","parametro":""} []
[2025-02-25T11:45:13.034192-03:00] name.INFO: Página acessada. {"pagina":"ListUsers","parametro":""} []
[2025-02-25T11:45:13.741717-03:00] name.INFO: Página acessada. {"pagina":"ListUsers","parametro":""} []
[2025-02-25T11:46:22.183126-03:00] name.INFO: Página acessada. {"pagina":"ListUsers","parametro":""} []
[2025-02-25T11:48:04.019134-03:00] name.INFO: Página acessada. {"pagina":"ListUsers","parametro":""} []
[2025-02-25T11:48:57.627739-03:00] name.INFO: Página acessada. {"pagina":"ListUsers","parametro":""} []
[2025-02-25T11:49:02.579240-03:00] name.INFO: Página acessada. {"pagina":"ListUsers","parametro":"2"} []
[2025-02-25T11:49:05.628595-03:00] name.INFO: Página acessada. {"pagina":"ListUsers","parametro":"3"} []
[2025-02-25T11:49:08.136724-03:00] name.INFO: Página acessada. {"pagina":"ListUsers","parametro":"1"} []
[2025-02-25T11:53:07.853566-03:00] name.INFO: Página acessada. {"pagina":"ListUsers","parametro":"1"} []
[2025-02-25T11:53:08.629267-03:00] name.INFO: Página acessada. {"pagina":"ListUsers","parametro":"1"} []
[2025-02-25T11:53:10.359021-03:00] name.INFO: Página acessada. {"pagina":"ListUsers","parametro":"1"} []
[2025-02-25T11:53:30.478635-03:00] name.INFO: Página acessada. {"pagina":"ListUsers","parametro":"1"} []
[2025-02-25T11:53:31.111446-03:00] name.INFO: Página acessada. {"pagina":"ListUsers","parametro":"1"} []
[2025-02-25T11:53:31.542936-03:00] name.INFO: Página acessada. {"pagina":"ListUsers","parametro":"1"} []
[2025-02-25T11:54:40.837149-03:00] name.INFO: Página acessada. {"pagina":"ListUsers","parametro":"1"} []
[2025-02-25T11:54:41.378258-03:00] name.INFO: Página acessada. {"pagina":"ListUsers","parametro":"1"} []
[2025-02-25T11:54:49.379540-03:00] name.INFO: Página acessada. {"pagina":"ListUsers","parametro":"2"} []
[2025-02-25T11:54:55.388901-03:00] name.INFO: Página acessada. {"pagina":"ListUsers","parametro":"1"} []
[2025-02-25T11:56:52.121475-03:00] name.INFO: Página acessada. {"pagina":"ListUsers","parametro":"2"} []
[2025-02-25T11:57:08.016238-03:00] name.INFO: Página acessada. {"pagina":"ListUsers","parametro":"2"} []
[2025-02-25T11:57:20.916574-03:00] name.INFO: Página acessada. {"pagina":"ListUsers","parametro":"2"} []
[2025-02-25T12:01:03.651879-03:00] name.INFO: Página acessada. {"pagina":"ListUsers","parametro":"2"} []
[2025-02-25T12:01:04.830783-03:00] name.INFO: Página acessada. {"pagina":"ListUsers","parametro":"1"} []
[2025-02-25T12:01:12.204772-03:00] name.INFO: Página acessada. {"pagina":"ListUsers","parametro":"1"} []
[2025-02-25T12:01:16.653931-03:00] name.INFO: Página acessada. {"pagina":"ListUsers","parametro":"2"} []
[2025-02-25T12:01:18.326624-03:00] name.INFO: Página acessada. {"pagina":"ListUsers","parametro":"1"} []
[2025-02-25T12:01:53.644649-03:00] name.INFO: Página acessada. {"pagina":"ListUsers","parametro":"1"} []
[2025-02-25T12:01:59.916522-03:00] name.INFO: Página acessada. {"pagina":"ListUsers","parametro":"2"} []
[2025-02-25T12:02:01.530777-03:00] name.INFO: Página acessada. {"pagina":"ListUsers","parametro":"1"} []
[2025-02-25T12:02:07.497548-03:00] name.INFO: Página acessada. {"pagina":"ListUsers","parametro":"3"} []
[2025-02-25T12:02:09.514850-03:00] name.INFO: Página acessada. {"pagina":"ListUsers","parametro":"2"} []
[2025-02-25T12:02:11.263646-03:00] name.INFO: Página acessada. {"pagina":"ListUsers","parametro":"1"} []
[2025-02-25T12:02:40.533542-03:00] name.INFO: Página acessada. {"pagina":"ListUsers","parametro":"1"} []
[2025-02-25T12:03:12.514846-03:00] name.INFO: Página acessada. {"pagina":"ListUsers","parametro":"1"} []
[2025-02-25T12:03:17.042491-03:00] name.INFO: Página acessada. {"pagina":"ListUsers","parametro":"3"} []
[2025-02-25T12:03:19.211593-03:00] name.INFO: Página acessada. {"pagina":"ListUsers","parametro":"2"} []
[2025-02-25T12:03:20.468338-03:00] name.INFO: Página acessada. {"pagina":"ListUsers","parametro":"1"} []
[2025-02-25T12:06:03.978733-03:00] name.INFO: Página acessada. {"pagina":"ListUsers","parametro":"1"} []
[2025-02-25T12:06:24.420940-03:00] name.INFO: Página acessada. {"pagina":"ListUsers","parametro":"1"} []
[2025-02-25T12:08:35.549076-03:00] name.INFO: Página acessada. {"pagina":"ListUsers","parametro":"1"} []
[2025-02-25T12:08:54.722439-03:00] name.INFO: Página acessada. {"pagina":"ListUsers","parametro":"1"} []
[2025-02-25T12:08:58.274497-03:00] name.INFO: Página acessada. {"pagina":"ListUsers","parametro":"4"} []
[2025-02-25T12:08:59.391997-03:00] name.INFO: Página acessada. {"pagina":"ListUsers","parametro":"1"} []
[2025-02-25T12:09:09.725546-03:00] name.INFO: Página acessada. {"pagina":"ListUsers","parametro":"1"} []
[2025-02-25T12:09:20.257633-03:00] name.INFO: Página acessada. {"pagina":"ListUsers","parametro":"1"} []
[2025-02-25T12:09:21.399006-03:00] name.INFO: Página acessada. {"pagina":"ListUsers","parametro":"4"} []
[2025-02-25T12:09:22.518273-03:00] name.INFO: Página acessada. {"pagina":"ListUsers","parametro":"1"} []
[2025-02-25T14:28:48.453876-03:00] name.INFO: Página acessada. {"pagina":"ListUsers","parametro":"1"} []
[2025-02-25T14:28:57.938863-03:00] name.INFO: Página acessada. {"pagina":"ListUsers","parametro":"1"} []
[2025-02-25T14:28:59.114558-03:00] name.INFO: Página acessada. {"pagina":"ListUsers","parametro":"2"} []
[2025-02-25T14:29:00.095475-03:00] name.INFO: Página acessada. {"pagina":"ListUsers","parametro":"1"} []
[2025-02-25T14:29:00.870611-03:00] name.INFO: Página acessada. {"pagina":"ListUsers","parametro":"2"} []
[2025-02-25T14:29:01.567389-03:00] name.INFO: Página acessada. {"pagina":"ListUsers","parametro":"4"} []
[2025-02-25T14:29:02.585011-03:00] name.INFO: Página acessada. {"pagina":"ListUsers","parametro":"3"} []
[2025-02-25T14:29:03.829947-03:00] name.INFO: Página acessada. {"pagina":"ListUsers","parametro":"4"} []
[2025-02-25T14:29:04.701050-03:00] name.INFO: Página acessada. {"pagina":"ListUsers","parametro":"3"} []
[2025-02-25T14:29:05.906545-03:00] name.INFO: Página acessada. {"pagina":"ListUsers","parametro":"4"} []
[2025-02-25T14:29:06.662459-03:00] name.INFO: Página acessada. {"pagina":"ListUsers","parametro":"1"} []
[2025-02-25T14:29:09.911584-03:00] name.INFO: Página acessada. {"pagina":"ListUsers","parametro":"2"} []
[2025-02-25T14:29:10.879060-03:00] name.INFO: Página acessada. {"pagina":"ListUsers","parametro":"1"} []
[2025-02-25T14:29:46.906021-03:00] name.INFO: Página acessada. {"pagina":"ListUsers","parametro":"1"} []
