[2025-02-26T15:01:35.633267-03:00] name.ERROR: Página não encontrada. {"pagina":"ListUsers","parametro":"2"} []
[2025-02-26T15:01:35.642628-03:00] name.INFO: Página acessada. {"pagina":"ListUsers","parametro":"2"} []
[2025-02-26T15:01:35.702863-03:00] name.INFO: Página acessada. {"pagina":"Login","parametro":""} []
[2025-02-26T15:04:47.078754-03:00] name.INFO: Página acessada. {"pagina":"Login","parametro":""} []
[2025-02-26T15:04:47.291589-03:00] name.INFO: Página acessada. {"pagina":"Dashboard","parametro":""} []
[2025-02-26T15:04:55.433459-03:00] name.INFO: Página acessada. {"pagina":"ListUsers","parametro":""} []
[2025-02-26T15:04:56.563042-03:00] name.INFO: Página acessada. {"pagina":"Dashboard","parametro":""} []
[2025-02-26T15:04:57.151486-03:00] name.INFO: Página acessada. {"pagina":"Logout","parametro":""} []
[2025-02-26T15:04:57.167811-03:00] name.INFO: Página acessada. {"pagina":"Login","parametro":""} []
[2025-02-26T15:05:02.563249-03:00] name.INFO: Página acessada. {"pagina":"Login","parametro":""} []
[2025-02-26T15:05:02.685059-03:00] name.INFO: Página acessada. {"pagina":"Dashboard","parametro":""} []
[2025-02-26T15:05:03.938444-03:00] name.INFO: Página acessada. {"pagina":"ListUsers","parametro":""} []
[2025-02-26T15:05:07.283916-03:00] name.INFO: Página acessada. {"pagina":"ListUsers","parametro":"2"} []
[2025-02-26T15:05:08.209346-03:00] name.INFO: Página acessada. {"pagina":"ListUsers","parametro":"1"} []
[2025-02-26T15:05:09.071058-03:00] name.INFO: Página acessada. {"pagina":"ListUsers","parametro":"3"} []
[2025-02-26T15:05:10.161630-03:00] name.INFO: Página acessada. {"pagina":"ListUsers","parametro":"2"} []
[2025-02-26T15:05:11.401142-03:00] name.INFO: Página acessada. {"pagina":"ListUsers","parametro":"1"} []
[2025-02-26T15:05:17.498245-03:00] name.INFO: Página acessada. {"pagina":"CreateUser","parametro":""} []
[2025-02-26T15:11:10.140935-03:00] name.INFO: Página acessada. {"pagina":"CreateUser","parametro":""} []
[2025-02-26T15:12:56.406582-03:00] name.INFO: Página acessada. {"pagina":"CreateUser","parametro":""} []
[2025-02-26T15:13:06.364199-03:00] name.INFO: Página acessada. {"pagina":"CreateUser","parametro":""} []
[2025-02-26T15:13:23.719921-03:00] name.INFO: Página acessada. {"pagina":"CreateUser","parametro":""} []
[2025-02-26T15:13:35.677683-03:00] name.INFO: Página acessada. {"pagina":"CreateUser","parametro":""} []
[2025-02-26T15:13:48.116170-03:00] name.INFO: Página acessada. {"pagina":"CreateUser","parametro":""} []
[2025-02-26T15:13:52.180129-03:00] name.INFO: Página acessada. {"pagina":"CreateUser","parametro":""} []
[2025-02-26T15:13:57.133618-03:00] name.INFO: Página acessada. {"pagina":"CreateUser","parametro":""} []
[2025-02-26T15:14:08.613089-03:00] name.INFO: Página acessada. {"pagina":"CreateUser","parametro":""} []
[2025-02-26T15:14:09.844074-03:00] name.INFO: Página acessada. {"pagina":"CreateUser","parametro":""} []
[2025-02-26T15:14:11.132603-03:00] name.INFO: Página acessada. {"pagina":"CreateUser","parametro":""} []
[2025-02-26T15:14:11.811489-03:00] name.INFO: Página acessada. {"pagina":"CreateUser","parametro":""} []
[2025-02-26T15:14:12.436515-03:00] name.INFO: Página acessada. {"pagina":"CreateUser","parametro":""} []
[2025-02-26T15:14:20.545071-03:00] name.INFO: Página acessada. {"pagina":"CreateUser","parametro":""} []
[2025-02-26T15:14:24.790952-03:00] name.INFO: Página acessada. {"pagina":"CreateUser","parametro":""} []
[2025-02-26T15:14:53.860855-03:00] name.INFO: Página acessada. {"pagina":"ListUsers","parametro":""} []
[2025-02-26T15:14:54.768085-03:00] name.INFO: Página acessada. {"pagina":"Dashboard","parametro":""} []
[2025-02-26T15:14:55.789046-03:00] name.INFO: Página acessada. {"pagina":"ListUsers","parametro":""} []
[2025-02-26T15:14:57.927687-03:00] name.INFO: Página acessada. {"pagina":"CreateUser","parametro":""} []
[2025-02-26T15:16:15.526211-03:00] name.INFO: Página acessada. {"pagina":"CreateUser","parametro":""} []
[2025-02-26T15:16:16.372514-03:00] name.INFO: Página acessada. {"pagina":"CreateUser","parametro":""} []
[2025-02-26T15:16:31.532443-03:00] name.INFO: Página acessada. {"pagina":"CreateUser","parametro":""} []
[2025-02-26T15:16:40.456053-03:00] name.INFO: Página acessada. {"pagina":"CreateUser","parametro":""} []
[2025-02-26T15:16:41.400922-03:00] name.INFO: Página acessada. {"pagina":"CreateUser","parametro":""} []
[2025-02-26T15:16:48.257142-03:00] name.INFO: Página acessada. {"pagina":"CreateUser","parametro":""} []
[2025-02-26T15:16:48.949422-03:00] name.INFO: Página acessada. {"pagina":"CreateUser","parametro":""} []
[2025-02-26T15:16:56.902438-03:00] name.INFO: Página acessada. {"pagina":"CreateUser","parametro":""} []
[2025-02-26T15:16:57.464347-03:00] name.INFO: Página acessada. {"pagina":"CreateUser","parametro":""} []
[2025-02-26T15:16:57.722206-03:00] name.INFO: Página acessada. {"pagina":"CreateUser","parametro":""} []
[2025-02-26T15:17:11.229633-03:00] name.INFO: Página acessada. {"pagina":"CreateUser","parametro":""} []
[2025-02-26T15:17:11.886008-03:00] name.INFO: Página acessada. {"pagina":"CreateUser","parametro":""} []
[2025-02-26T15:17:23.888525-03:00] name.INFO: Página acessada. {"pagina":"CreateUser","parametro":""} []
[2025-02-26T15:17:24.477664-03:00] name.INFO: Página acessada. {"pagina":"CreateUser","parametro":""} []
[2025-02-26T15:17:24.710148-03:00] name.INFO: Página acessada. {"pagina":"CreateUser","parametro":""} []
[2025-02-26T15:17:24.951490-03:00] name.INFO: Página acessada. {"pagina":"CreateUser","parametro":""} []
[2025-02-26T15:17:25.137306-03:00] name.INFO: Página acessada. {"pagina":"CreateUser","parametro":""} []
[2025-02-26T15:17:25.316461-03:00] name.INFO: Página acessada. {"pagina":"CreateUser","parametro":""} []
[2025-02-26T15:17:25.470460-03:00] name.INFO: Página acessada. {"pagina":"CreateUser","parametro":""} []
[2025-02-26T15:17:25.644017-03:00] name.INFO: Página acessada. {"pagina":"CreateUser","parametro":""} []
[2025-02-26T15:17:35.962278-03:00] name.INFO: Página acessada. {"pagina":"CreateUser","parametro":""} []
[2025-02-26T15:17:59.462233-03:00] name.INFO: Página acessada. {"pagina":"CreateUser","parametro":""} []
[2025-02-26T15:18:00.050989-03:00] name.INFO: Página acessada. {"pagina":"CreateUser","parametro":""} []
[2025-02-26T15:18:00.305591-03:00] name.INFO: Página acessada. {"pagina":"CreateUser","parametro":""} []
[2025-02-26T15:18:00.791619-03:00] name.INFO: Página acessada. {"pagina":"CreateUser","parametro":""} []
[2025-02-26T15:18:01.018970-03:00] name.INFO: Página acessada. {"pagina":"CreateUser","parametro":""} []
[2025-02-26T15:18:09.171516-03:00] name.INFO: Página acessada. {"pagina":"CreateUser","parametro":""} []
[2025-02-26T15:18:10.060241-03:00] name.INFO: Página acessada. {"pagina":"CreateUser","parametro":""} []
[2025-02-26T15:18:14.886978-03:00] name.INFO: Página acessada. {"pagina":"CreateUser","parametro":""} []
[2025-02-26T15:18:20.323320-03:00] name.INFO: Página acessada. {"pagina":"CreateUser","parametro":""} []
[2025-02-26T15:18:37.369349-03:00] name.INFO: Página acessada. {"pagina":"CreateUser","parametro":""} []
[2025-02-26T15:18:42.061219-03:00] name.INFO: Página acessada. {"pagina":"CreateUser","parametro":""} []
[2025-02-26T15:18:47.113338-03:00] name.INFO: Página acessada. {"pagina":"CreateUser","parametro":""} []
[2025-02-26T15:18:51.421606-03:00] name.INFO: Página acessada. {"pagina":"CreateUser","parametro":""} []
[2025-02-26T15:19:00.404093-03:00] name.INFO: Página acessada. {"pagina":"CreateUser","parametro":""} []
[2025-02-26T15:19:03.916867-03:00] name.INFO: Página acessada. {"pagina":"CreateUser","parametro":""} []
[2025-02-26T15:19:04.370609-03:00] name.INFO: Página acessada. {"pagina":"CreateUser","parametro":""} []
[2025-02-26T15:19:04.550734-03:00] name.INFO: Página acessada. {"pagina":"CreateUser","parametro":""} []
[2025-02-26T15:19:09.557281-03:00] name.INFO: Página acessada. {"pagina":"CreateUser","parametro":""} []
[2025-02-26T15:20:25.838558-03:00] name.INFO: Página acessada. {"pagina":"CreateUser","parametro":""} []
[2025-02-26T15:20:26.307329-03:00] name.INFO: Página acessada. {"pagina":"CreateUser","parametro":""} []
[2025-02-26T15:20:30.058299-03:00] name.INFO: Página acessada. {"pagina":"CreateUser","parametro":""} []
[2025-02-26T15:20:34.254542-03:00] name.INFO: Página acessada. {"pagina":"CreateUser","parametro":""} []
[2025-02-26T15:20:34.748699-03:00] name.INFO: Página acessada. {"pagina":"CreateUser","parametro":""} []
[2025-02-26T15:20:35.185506-03:00] name.INFO: Página acessada. {"pagina":"CreateUser","parametro":""} []
[2025-02-26T15:20:35.613280-03:00] name.INFO: Página acessada. {"pagina":"CreateUser","parametro":""} []
[2025-02-26T15:20:36.078686-03:00] name.INFO: Página acessada. {"pagina":"CreateUser","parametro":""} []
[2025-02-26T15:20:52.553358-03:00] name.INFO: Página acessada. {"pagina":"CreateUser","parametro":""} []
[2025-02-26T15:20:53.537953-03:00] name.INFO: Página acessada. {"pagina":"CreateUser","parametro":""} []
[2025-02-26T15:21:24.026606-03:00] name.INFO: Página acessada. {"pagina":"CreateUser","parametro":""} []
[2025-02-26T15:21:25.076039-03:00] name.ERROR: Página não encontrada. {"pagina":"EnvurladmlistUserslistar","parametro":""} []
[2025-02-26T15:21:25.079039-03:00] name.ERROR: Controller não encontrada. {"pagina":"EnvurladmlistUserslistar","parametro":""} []
[2025-02-26T15:21:25.110932-03:00] name.INFO: Página acessada. {"pagina":"Login","parametro":""} []
[2025-02-26T15:21:33.421346-03:00] name.INFO: Página acessada. {"pagina":"Login","parametro":""} []
[2025-02-26T15:21:33.569989-03:00] name.INFO: Página acessada. {"pagina":"Dashboard","parametro":""} []
[2025-02-26T15:21:35.027659-03:00] name.INFO: Página acessada. {"pagina":"ListUsers","parametro":""} []
[2025-02-26T15:21:38.488684-03:00] name.INFO: Página acessada. {"pagina":"CreateUser","parametro":""} []
[2025-02-26T15:21:39.514715-03:00] name.ERROR: Página não encontrada. {"pagina":"EnvurladmlistUserslistar","parametro":""} []
[2025-02-26T15:21:39.517029-03:00] name.ERROR: Controller não encontrada. {"pagina":"EnvurladmlistUserslistar","parametro":""} []
[2025-02-26T15:21:39.533144-03:00] name.INFO: Página acessada. {"pagina":"Login","parametro":""} []
[2025-02-26T15:21:47.927277-03:00] name.INFO: Página acessada. {"pagina":"Login","parametro":""} []
[2025-02-26T15:21:48.109636-03:00] name.INFO: Página acessada. {"pagina":"Dashboard","parametro":""} []
[2025-02-26T15:21:50.069398-03:00] name.INFO: Página acessada. {"pagina":"ListUsers","parametro":""} []
[2025-02-26T15:22:50.708131-03:00] name.INFO: Página acessada. {"pagina":"ListUsers","parametro":""} []
[2025-02-26T15:22:52.978848-03:00] name.INFO: Página acessada. {"pagina":"CreateUser","parametro":""} []
[2025-02-26T15:23:59.637792-03:00] name.INFO: Página acessada. {"pagina":"CreateUser","parametro":""} []
[2025-02-26T15:24:00.900043-03:00] name.INFO: Página acessada. {"pagina":"ListUsers","parametro":""} []
[2025-02-26T15:28:15.369808-03:00] name.INFO: Página acessada. {"pagina":"ListUsers","parametro":""} []
[2025-02-26T15:28:16.986164-03:00] name.INFO: Página acessada. {"pagina":"Dashboard","parametro":""} []
[2025-02-26T15:28:18.468812-03:00] name.INFO: Página acessada. {"pagina":"Dashboard","parametro":""} []
[2025-02-26T15:28:20.876963-03:00] name.INFO: Página acessada. {"pagina":"ListUsers","parametro":""} []
[2025-02-26T15:29:36.985319-03:00] name.INFO: Página acessada. {"pagina":"ListUsers","parametro":""} []
[2025-02-26T15:29:57.968531-03:00] name.INFO: Página acessada. {"pagina":"ListUsers","parametro":""} []
[2025-02-26T15:31:53.171577-03:00] name.INFO: Página acessada. {"pagina":"ListUsers","parametro":""} []
[2025-02-26T15:31:54.116573-03:00] name.INFO: Página acessada. {"pagina":"Dashboard","parametro":""} []
[2025-02-26T15:32:19.805348-03:00] name.INFO: Página acessada. {"pagina":"Dashboard","parametro":""} []
[2025-02-26T15:32:45.934693-03:00] name.INFO: Página acessada. {"pagina":"Dashboard","parametro":""} []
[2025-02-26T15:54:12.696284-03:00] name.INFO: Página acessada. {"pagina":"Dashboard","parametro":""} []
[2025-02-26T15:54:14.016799-03:00] name.INFO: Página acessada. {"pagina":"ListUsers","parametro":""} []
[2025-02-26T15:54:16.188972-03:00] name.INFO: Página acessada. {"pagina":"Dashboard","parametro":""} []
[2025-02-26T15:54:18.202939-03:00] name.INFO: Página acessada. {"pagina":"ListUsers","parametro":""} []
[2025-02-26T15:57:38.109943-03:00] name.INFO: Página acessada. {"pagina":"ViewUser","parametro":"32"} []
[2025-02-26T15:59:23.673792-03:00] name.INFO: Página acessada. {"pagina":"ViewUser","parametro":"32"} []
[2025-02-26T15:59:24.948918-03:00] name.ERROR: Página não encontrada. {"pagina":"ListUser","parametro":""} []
[2025-02-26T15:59:24.950711-03:00] name.ERROR: Controller não encontrada. {"pagina":"ListUser","parametro":""} []
[2025-02-26T15:59:24.966134-03:00] name.INFO: Página acessada. {"pagina":"Login","parametro":""} []
[2025-02-26T15:59:35.814118-03:00] name.ERROR: Página não encontrada. {"pagina":"ListUser","parametro":""} []
[2025-02-26T15:59:35.816352-03:00] name.ERROR: Controller não encontrada. {"pagina":"ListUser","parametro":""} []
[2025-02-26T15:59:35.831962-03:00] name.INFO: Página acessada. {"pagina":"Login","parametro":""} []
[2025-02-26T15:59:47.787871-03:00] name.INFO: Página acessada. {"pagina":"Login","parametro":""} []
[2025-02-26T15:59:47.992811-03:00] name.INFO: Página acessada. {"pagina":"Dashboard","parametro":""} []
[2025-02-26T15:59:50.542582-03:00] name.INFO: Página acessada. {"pagina":"Dashboard","parametro":""} []
[2025-02-26T15:59:52.379731-03:00] name.INFO: Página acessada. {"pagina":"ListUsers","parametro":""} []
[2025-02-26T15:59:54.301227-03:00] name.INFO: Página acessada. {"pagina":"UpdateUser","parametro":"32"} []
[2025-02-26T15:59:55.886396-03:00] name.INFO: Página acessada. {"pagina":"ListUsers","parametro":""} []
[2025-02-26T15:59:56.663429-03:00] name.INFO: Página acessada. {"pagina":"ViewUser","parametro":"32"} []
[2025-02-26T15:59:57.959187-03:00] name.INFO: Página acessada. {"pagina":"ListUsers","parametro":""} []
[2025-02-26T16:00:02.260759-03:00] name.INFO: Página acessada. {"pagina":"ViewUser","parametro":"32"} []
[2025-02-26T16:00:03.498674-03:00] name.INFO: Página acessada. {"pagina":"Dashboard","parametro":""} []
[2025-02-26T16:00:06.299361-03:00] name.INFO: Página acessada. {"pagina":"ListUsers","parametro":""} []
[2025-02-26T16:00:07.843435-03:00] name.INFO: Página acessada. {"pagina":"ViewUser","parametro":"32"} []
[2025-02-26T16:01:44.330438-03:00] name.INFO: Página acessada. {"pagina":"ViewUser","parametro":"32"} []
[2025-02-26T16:04:14.768818-03:00] name.INFO: Página acessada. {"pagina":"ViewUser","parametro":"32"} []
[2025-02-26T16:04:38.638358-03:00] name.INFO: Página acessada. {"pagina":"ViewUser","parametro":"32"} []
[2025-02-26T16:04:50.467066-03:00] name.INFO: Página acessada. {"pagina":"ViewUser","parametro":"32"} []
[2025-02-26T16:04:56.329848-03:00] name.INFO: Página acessada. {"pagina":"ViewUser","parametro":"32"} []
[2025-02-26T16:05:01.477251-03:00] name.INFO: Página acessada. {"pagina":"ViewUser","parametro":"32"} []
[2025-02-26T16:05:02.285677-03:00] name.INFO: Página acessada. {"pagina":"ViewUser","parametro":"32"} []
[2025-02-26T16:05:08.457765-03:00] name.INFO: Página acessada. {"pagina":"ViewUser","parametro":"32"} []
[2025-02-26T16:05:22.158551-03:00] name.INFO: Página acessada. {"pagina":"ViewUser","parametro":"32"} []
[2025-02-26T16:08:50.860599-03:00] name.INFO: Página acessada. {"pagina":"ViewUser","parametro":"32"} []
[2025-02-26T16:11:02.869852-03:00] name.INFO: Página acessada. {"pagina":"ViewUser","parametro":"32"} []
[2025-02-26T16:11:45.605496-03:00] name.INFO: Página acessada. {"pagina":"ViewUser","parametro":"32"} []
[2025-02-26T16:13:01.793018-03:00] name.INFO: Página acessada. {"pagina":"ListUsers","parametro":""} []
[2025-02-26T16:13:04.017644-03:00] name.INFO: Página acessada. {"pagina":"ViewUser","parametro":"32"} []
[2025-02-26T16:13:04.869092-03:00] name.INFO: Página acessada. {"pagina":"UpdateUser","parametro":"32"} []
[2025-02-26T16:13:06.520184-03:00] name.INFO: Página acessada. {"pagina":"ListUsers","parametro":""} []
[2025-02-26T16:18:22.768639-03:00] name.INFO: Página acessada. {"pagina":"ListUsers","parametro":""} []
[2025-02-26T16:18:25.583828-03:00] name.INFO: Página acessada. {"pagina":"ViewUser","parametro":"32"} []
[2025-02-26T16:20:44.742992-03:00] name.INFO: Página acessada. {"pagina":"ViewUser","parametro":"32"} []
[2025-02-26T16:22:18.545787-03:00] name.INFO: Página acessada. {"pagina":"ViewUser","parametro":"32"} []
[2025-02-26T16:24:03.053631-03:00] name.INFO: Página acessada. {"pagina":"ViewUser","parametro":"32"} []
[2025-02-26T16:24:32.888789-03:00] name.INFO: Página acessada. {"pagina":"ViewUser","parametro":"32"} []
[2025-02-26T16:24:43.068034-03:00] name.INFO: Página acessada. {"pagina":"ViewUser","parametro":"32"} []
[2025-02-26T16:26:19.416245-03:00] name.INFO: Página acessada. {"pagina":"ViewUser","parametro":"32"} []
[2025-02-26T16:27:36.809471-03:00] name.INFO: Página acessada. {"pagina":"ViewUser","parametro":"32"} []
[2025-02-26T16:29:13.257573-03:00] name.INFO: Página acessada. {"pagina":"ViewUser","parametro":"32"} []
[2025-02-26T16:30:29.654996-03:00] name.INFO: Página acessada. {"pagina":"ViewUser","parametro":"32"} []
[2025-02-26T16:30:43.309661-03:00] name.INFO: Página acessada. {"pagina":"ListUsers","parametro":""} []
[2025-02-26T16:30:44.964989-03:00] name.INFO: Página acessada. {"pagina":"ListUsers","parametro":"2"} []
[2025-02-26T16:30:48.235532-03:00] name.INFO: Página acessada. {"pagina":"ViewUser","parametro":"4"} []
[2025-02-26T16:30:51.543764-03:00] name.INFO: Página acessada. {"pagina":"DeleteUser","parametro":""} []
[2025-02-26T16:30:51.572630-03:00] name.ERROR: Usuário não encontrado {"id":0} []
[2025-02-26T16:30:51.596800-03:00] name.INFO: Página acessada. {"pagina":"ListUsers","parametro":""} []
[2025-02-26T16:31:42.728429-03:00] name.INFO: Página acessada. {"pagina":"ViewUser","parametro":"23"} []
[2025-02-26T16:31:45.614073-03:00] name.INFO: Página acessada. {"pagina":"DeleteUser","parametro":""} []
[2025-02-26T16:31:45.655044-03:00] name.INFO: Página acessada. {"pagina":"ListUsers","parametro":""} []
[2025-02-26T16:31:47.410918-03:00] name.INFO: Página acessada. {"pagina":"ListUsers","parametro":"2"} []
[2025-02-26T16:31:49.046736-03:00] name.INFO: Página acessada. {"pagina":"ListUsers","parametro":"1"} []
[2025-02-26T17:08:18.232202-03:00] name.INFO: Página acessada. {"pagina":"ListUsers","parametro":"1"} []
[2025-02-26T17:08:23.909526-03:00] name.INFO: Página acessada. {"pagina":"CreateUser","parametro":""} []
[2025-02-26T17:09:08.065135-03:00] name.INFO: Página acessada. {"pagina":"CreateUser","parametro":""} []
[2025-02-26T17:14:14.994991-03:00] name.INFO: Página acessada. {"pagina":"CreateUser","parametro":""} []
[2025-02-26T17:14:28.760832-03:00] name.INFO: Página acessada. {"pagina":"ListUsers","parametro":""} []
[2025-02-26T17:14:30.034796-03:00] name.INFO: Página acessada. {"pagina":"CreateUser","parametro":""} []
[2025-02-26T17:15:05.004335-03:00] name.INFO: Página acessada. {"pagina":"CreateUser","parametro":""} []
[2025-02-26T17:15:55.968670-03:00] name.INFO: Página acessada. {"pagina":"CreateUser","parametro":""} []
[2025-02-26T17:15:57.009029-03:00] name.INFO: Página acessada. {"pagina":"CreateUser","parametro":""} []
[2025-02-26T17:17:59.368781-03:00] name.INFO: Página acessada. {"pagina":"CreateUser","parametro":""} []
[2025-02-26T17:18:00.191355-03:00] name.INFO: Página acessada. {"pagina":"CreateUser","parametro":""} []
[2025-02-26T17:18:00.899308-03:00] name.INFO: Página acessada. {"pagina":"CreateUser","parametro":""} []
[2025-02-26T17:18:01.350783-03:00] name.INFO: Página acessada. {"pagina":"CreateUser","parametro":""} []
[2025-02-26T17:18:30.416476-03:00] name.INFO: Página acessada. {"pagina":"CreateUser","parametro":""} []
[2025-02-26T17:18:31.204053-03:00] name.INFO: Página acessada. {"pagina":"CreateUser","parametro":""} []
[2025-02-26T17:19:27.154937-03:00] name.INFO: Página acessada. {"pagina":"CreateUser","parametro":""} []
[2025-02-26T17:19:58.138494-03:00] name.INFO: Página acessada. {"pagina":"CreateUser","parametro":""} []
[2025-02-26T17:21:02.728678-03:00] name.INFO: Página acessada. {"pagina":"CreateUser","parametro":""} []
[2025-02-26T17:21:32.763764-03:00] name.INFO: Página acessada. {"pagina":"CreateUser","parametro":""} []
[2025-02-26T17:23:20.341664-03:00] name.INFO: Página acessada. {"pagina":"CreateUser","parametro":""} []
[2025-02-26T17:23:56.292374-03:00] name.INFO: Página acessada. {"pagina":"CreateUser","parametro":""} []
[2025-02-26T17:23:57.141640-03:00] name.INFO: Página acessada. {"pagina":"CreateUser","parametro":""} []
[2025-02-26T17:24:25.864798-03:00] name.INFO: Página acessada. {"pagina":"CreateUser","parametro":""} []
[2025-02-26T17:24:26.861681-03:00] name.INFO: Página acessada. {"pagina":"CreateUser","parametro":""} []
[2025-02-26T17:24:31.717932-03:00] name.INFO: Página acessada. {"pagina":"CreateUser","parametro":""} []
[2025-02-26T17:24:34.118721-03:00] name.INFO: Página acessada. {"pagina":"CreateUser","parametro":""} []
[2025-02-26T17:45:01.077550-03:00] name.INFO: Página acessada. {"pagina":"CreateUser","parametro":""} []
[2025-02-26T17:45:20.033460-03:00] name.INFO: Página acessada. {"pagina":"CreateUser","parametro":""} []
[2025-02-26T17:45:25.219655-03:00] name.INFO: Página acessada. {"pagina":"CreateUser","parametro":""} []
[2025-02-26T17:45:40.970134-03:00] name.INFO: Página acessada. {"pagina":"CreateUser","parametro":""} []
[2025-02-26T17:45:41.082155-03:00] name.INFO: Página acessada. {"pagina":"ViewUser","parametro":"33"} []
[2025-02-26T17:45:43.910080-03:00] name.INFO: Página acessada. {"pagina":"ListUsers","parametro":""} []
[2025-02-26T17:47:44.570076-03:00] name.INFO: Página acessada. {"pagina":"ListUsers","parametro":""} []
[2025-02-26T17:47:45.423031-03:00] name.INFO: Página acessada. {"pagina":"ListUsers","parametro":""} []
[2025-02-26T17:47:45.677625-03:00] name.INFO: Página acessada. {"pagina":"ListUsers","parametro":""} []
[2025-02-26T17:47:45.967036-03:00] name.INFO: Página acessada. {"pagina":"ListUsers","parametro":""} []
[2025-02-26T17:47:49.752521-03:00] name.INFO: Página acessada. {"pagina":"CreateUser","parametro":""} []
[2025-02-26T17:47:55.639968-03:00] name.INFO: Página acessada. {"pagina":"CreateUser","parametro":""} []
[2025-02-26T17:47:56.269298-03:00] name.INFO: Página acessada. {"pagina":"CreateUser","parametro":""} []
[2025-02-26T17:47:56.456801-03:00] name.INFO: Página acessada. {"pagina":"CreateUser","parametro":""} []
[2025-02-26T17:47:56.640378-03:00] name.INFO: Página acessada. {"pagina":"CreateUser","parametro":""} []
[2025-02-26T17:48:00.912950-03:00] name.INFO: Página acessada. {"pagina":"CreateUser","parametro":""} []
[2025-02-26T17:48:01.479674-03:00] name.INFO: Página acessada. {"pagina":"CreateUser","parametro":""} []
[2025-02-26T17:48:01.871740-03:00] name.INFO: Página acessada. {"pagina":"CreateUser","parametro":""} []
[2025-02-26T17:48:04.611909-03:00] name.INFO: Página acessada. {"pagina":"Dashboard","parametro":""} []
[2025-02-26T17:48:05.502014-03:00] name.INFO: Página acessada. {"pagina":"ListUsers","parametro":""} []
[2025-02-26T17:48:06.189221-03:00] name.INFO: Página acessada. {"pagina":"Dashboard","parametro":""} []
[2025-02-26T17:48:15.827499-03:00] name.INFO: Página acessada. {"pagina":"Dashboard","parametro":""} []
[2025-02-26T17:48:16.441751-03:00] name.INFO: Página acessada. {"pagina":"Dashboard","parametro":""} []
[2025-02-26T17:48:16.746997-03:00] name.INFO: Página acessada. {"pagina":"Dashboard","parametro":""} []
[2025-02-26T17:48:29.275118-03:00] name.INFO: Página acessada. {"pagina":"Dashboard","parametro":""} []
[2025-02-26T17:48:29.901512-03:00] name.INFO: Página acessada. {"pagina":"Dashboard","parametro":""} []
[2025-02-26T17:48:30.155643-03:00] name.INFO: Página acessada. {"pagina":"Dashboard","parametro":""} []
[2025-02-26T17:48:30.352234-03:00] name.INFO: Página acessada. {"pagina":"Dashboard","parametro":""} []
[2025-02-26T17:48:41.666877-03:00] name.INFO: Página acessada. {"pagina":"Dashboard","parametro":""} []
[2025-02-26T17:48:53.464685-03:00] name.INFO: Página acessada. {"pagina":"Dashboard","parametro":""} []
[2025-02-26T17:49:27.002602-03:00] name.INFO: Página acessada. {"pagina":"Dashboard","parametro":""} []
[2025-02-26T17:49:27.894104-03:00] name.INFO: Página acessada. {"pagina":"ListUsers","parametro":""} []
[2025-02-26T17:49:29.298437-03:00] name.INFO: Página acessada. {"pagina":"Dashboard","parametro":""} []
[2025-02-26T17:49:30.772535-03:00] name.INFO: Página acessada. {"pagina":"Logout","parametro":""} []
[2025-02-26T17:49:30.783747-03:00] name.INFO: Página acessada. {"pagina":"Login","parametro":""} []
[2025-02-26T17:49:49.141293-03:00] name.INFO: Página acessada. {"pagina":"Login","parametro":""} []
[2025-02-26T17:50:00.517270-03:00] name.INFO: Página acessada. {"pagina":"Login","parametro":""} []
[2025-02-26T17:50:01.013381-03:00] name.INFO: Página acessada. {"pagina":"Login","parametro":""} []
[2025-02-26T17:50:01.200878-03:00] name.INFO: Página acessada. {"pagina":"Login","parametro":""} []
[2025-02-26T17:50:13.065341-03:00] name.INFO: Página acessada. {"pagina":"Login","parametro":""} []
[2025-02-26T17:50:13.544926-03:00] name.INFO: Página acessada. {"pagina":"Login","parametro":""} []
[2025-02-26T17:50:13.750868-03:00] name.INFO: Página acessada. {"pagina":"Login","parametro":""} []
[2025-02-26T17:50:14.077640-03:00] name.INFO: Página acessada. {"pagina":"Login","parametro":""} []
[2025-02-26T17:50:14.791671-03:00] name.INFO: Página acessada. {"pagina":"Login","parametro":""} []
[2025-02-26T17:50:15.029726-03:00] name.INFO: Página acessada. {"pagina":"Login","parametro":""} []
[2025-02-26T17:50:15.232909-03:00] name.INFO: Página acessada. {"pagina":"Login","parametro":""} []
[2025-02-26T17:50:22.756244-03:00] name.INFO: Página acessada. {"pagina":"Login","parametro":""} []
[2025-02-26T17:51:45.507068-03:00] name.INFO: Página acessada. {"pagina":"Login","parametro":""} []
[2025-02-26T17:51:45.630823-03:00] name.INFO: Página acessada. {"pagina":"Dashboard","parametro":""} []
[2025-02-26T17:52:03.690741-03:00] name.INFO: Página acessada. {"pagina":"Logout","parametro":""} []
[2025-02-26T17:52:03.705109-03:00] name.INFO: Página acessada. {"pagina":"Login","parametro":""} []
[2025-02-26T17:52:58.619920-03:00] name.INFO: Página acessada. {"pagina":"Login","parametro":""} []
[2025-02-26T17:52:59.405354-03:00] name.INFO: Página acessada. {"pagina":"Login","parametro":""} []
[2025-02-26T17:53:08.237327-03:00] name.INFO: Página acessada. {"pagina":"Login","parametro":""} []
[2025-02-26T17:53:15.972537-03:00] name.INFO: Página acessada. {"pagina":"Login","parametro":""} []
[2025-02-26T17:53:16.116544-03:00] name.INFO: Página acessada. {"pagina":"Dashboard","parametro":""} []
[2025-02-26T17:53:33.694084-03:00] name.INFO: Página acessada. {"pagina":"Dashboard","parametro":""} []
[2025-02-26T17:53:34.328607-03:00] name.INFO: Página acessada. {"pagina":"Dashboard","parametro":""} []
[2025-02-26T17:53:34.677525-03:00] name.INFO: Página acessada. {"pagina":"Dashboard","parametro":""} []
[2025-02-26T17:53:35.041890-03:00] name.INFO: Página acessada. {"pagina":"Dashboard","parametro":""} []
[2025-02-26T17:53:35.364212-03:00] name.INFO: Página acessada. {"pagina":"Dashboard","parametro":""} []
[2025-02-26T17:53:36.208152-03:00] name.INFO: Página acessada. {"pagina":"ListUsers","parametro":""} []
[2025-02-26T17:53:42.205756-03:00] name.INFO: Página acessada. {"pagina":"ListUsers","parametro":""} []
[2025-02-26T17:53:42.870997-03:00] name.INFO: Página acessada. {"pagina":"ListUsers","parametro":""} []
[2025-02-26T17:53:43.387948-03:00] name.INFO: Página acessada. {"pagina":"ListUsers","parametro":""} []
[2025-02-26T17:54:07.659873-03:00] name.INFO: Página acessada. {"pagina":"ListUsers","parametro":""} []
[2025-02-26T17:54:16.122783-03:00] name.INFO: Página acessada. {"pagina":"ListUsers","parametro":""} []
[2025-02-26T17:54:24.484282-03:00] name.INFO: Página acessada. {"pagina":"ListUsers","parametro":""} []
[2025-02-26T17:54:25.193298-03:00] name.INFO: Página acessada. {"pagina":"ListUsers","parametro":""} []
[2025-02-26T17:54:48.795464-03:00] name.INFO: Página acessada. {"pagina":"UpdateUser","parametro":"33"} []
[2025-02-26T17:54:51.986869-03:00] name.INFO: Página acessada. {"pagina":"ListUsers","parametro":""} []
[2025-02-26T17:54:53.356988-03:00] name.INFO: Página acessada. {"pagina":"ViewUser","parametro":"33"} []
[2025-02-26T17:54:56.378118-03:00] name.INFO: Página acessada. {"pagina":"UpdateUser","parametro":"33"} []
[2025-02-26T17:54:58.017654-03:00] name.INFO: Página acessada. {"pagina":"ListUsers","parametro":""} []
[2025-02-26T17:55:27.330289-03:00] name.INFO: Página acessada. {"pagina":"ListUsers","parametro":""} []
[2025-02-26T17:55:37.392600-03:00] name.INFO: Página acessada. {"pagina":"Dashboard","parametro":""} []
[2025-02-26T17:55:38.759162-03:00] name.INFO: Página acessada. {"pagina":"ListUsers","parametro":""} []
[2025-02-26T17:55:42.620603-03:00] name.INFO: Página acessada. {"pagina":"Logout","parametro":""} []
[2025-02-26T17:55:42.631908-03:00] name.INFO: Página acessada. {"pagina":"Login","parametro":""} []
[2025-02-26T17:55:50.175495-03:00] name.INFO: Página acessada. {"pagina":"Login","parametro":""} []
[2025-02-26T17:55:50.297082-03:00] name.INFO: Página acessada. {"pagina":"Dashboard","parametro":""} []
[2025-02-26T17:55:51.522514-03:00] name.INFO: Página acessada. {"pagina":"ListUsers","parametro":""} []
[2025-02-26T17:55:54.657546-03:00] name.INFO: Página acessada. {"pagina":"ListUsers","parametro":"2"} []
[2025-02-26T17:55:55.507134-03:00] name.INFO: Página acessada. {"pagina":"ListUsers","parametro":"1"} []
