[2025-02-28T10:32:02.310446-03:00] name.INFO: Página acessada. {"pagina":"ListUsers","parametro":""} []
[2025-02-28T10:32:06.775671-03:00] name.INFO: Página acessada. {"pagina":"ListUsers","parametro":""} []
[2025-02-28T10:36:27.112793-03:00] name.INFO: Página acessada. {"pagina":"ListUsers","parametro":""} []
[2025-02-28T10:37:22.026245-03:00] name.INFO: Página acessada. {"pagina":"ListUsers","parametro":"2"} []
[2025-02-28T10:38:01.171496-03:00] name.INFO: Página acessada. {"pagina":"ListUsers","parametro":"3"} []
[2025-02-28T10:38:12.353748-03:00] name.INFO: Página acessada. {"pagina":"ListUsers","parametro":"2"} []
[2025-02-28T10:38:19.395615-03:00] name.INFO: Página acessada. {"pagina":"ListUsers","parametro":"2"} []
[2025-02-28T10:38:20.213060-03:00] name.INFO: Página acessada. {"pagina":"ListUsers","parametro":"2"} []
[2025-02-28T10:38:20.569156-03:00] name.INFO: Página acessada. {"pagina":"ListUsers","parametro":"2"} []
[2025-02-28T10:38:20.901458-03:00] name.INFO: Página acessada. {"pagina":"ListUsers","parametro":"2"} []
[2025-02-28T10:47:30.256477-03:00] name.INFO: Página acessada. {"pagina":"ListUsers","parametro":"2"} []
[2025-02-28T10:47:32.527559-03:00] name.INFO: Página acessada. {"pagina":"ListUsers","parametro":"3"} []
[2025-02-28T10:47:33.860466-03:00] name.INFO: Página acessada. {"pagina":"ListUsers","parametro":"2"} []
[2025-02-28T10:47:35.701922-03:00] name.INFO: Página acessada. {"pagina":"ListUsers","parametro":"3"} []
[2025-02-28T10:47:36.857595-03:00] name.INFO: Página acessada. {"pagina":"ListUsers","parametro":"1"} []
[2025-02-28T10:49:16.268636-03:00] name.INFO: Página acessada. {"pagina":"ListUsers","parametro":"3"} []
[2025-02-28T10:49:20.079820-03:00] name.INFO: Página acessada. {"pagina":"ListUsers","parametro":"2"} []
[2025-02-28T10:49:41.135742-03:00] name.INFO: Página acessada. {"pagina":"ListUsers","parametro":"2"} []
[2025-02-28T10:49:42.840833-03:00] name.INFO: Página acessada. {"pagina":"ListUsers","parametro":"3"} []
[2025-02-28T10:50:46.682688-03:00] name.INFO: Página acessada. {"pagina":"ListUsers","parametro":"3"} []
[2025-02-28T10:51:29.534644-03:00] name.INFO: Página acessada. {"pagina":"ListUsers","parametro":"3"} []
[2025-02-28T10:51:38.776847-03:00] name.INFO: Página acessada. {"pagina":"ListUsers","parametro":"2"} []
[2025-02-28T10:51:43.041882-03:00] name.INFO: Página acessada. {"pagina":"ListUsers","parametro":"2"} []
[2025-02-28T10:51:45.175770-03:00] name.INFO: Página acessada. {"pagina":"ListUsers","parametro":"1"} []
[2025-02-28T10:51:46.147399-03:00] name.INFO: Página acessada. {"pagina":"ListUsers","parametro":"3"} []
[2025-02-28T10:51:47.279149-03:00] name.INFO: Página acessada. {"pagina":"ListUsers","parametro":"2"} []
[2025-02-28T10:54:37.839633-03:00] name.INFO: Página acessada. {"pagina":"ListUsers","parametro":"2"} []
[2025-02-28T10:54:37.889161-03:00] name.INFO: Página acessada. {"pagina":"ListUsers","parametro":"scriptadminjs"} []
[2025-02-28T10:54:38.449917-03:00] name.INFO: Página acessada. {"pagina":"ListUsers","parametro":"2"} []
[2025-02-28T10:54:38.498348-03:00] name.INFO: Página acessada. {"pagina":"ListUsers","parametro":"scriptadminjs"} []
[2025-02-28T10:55:24.804000-03:00] name.INFO: Página acessada. {"pagina":"ListUsers","parametro":"2"} []
[2025-02-28T10:56:16.887743-03:00] name.INFO: Página acessada. {"pagina":"ListUsers","parametro":"2"} []
[2025-02-28T10:56:54.274373-03:00] name.INFO: Página acessada. {"pagina":"ListUsers","parametro":"3"} []
[2025-02-28T10:56:56.872241-03:00] name.INFO: Página acessada. {"pagina":"ListUsers","parametro":"delete-user"} []
[2025-02-28T10:56:58.541438-03:00] name.INFO: Página acessada. {"pagina":"ListUsers","parametro":"2"} []
[2025-02-28T10:56:59.544279-03:00] name.INFO: Página acessada. {"pagina":"ListUsers","parametro":"3"} []
[2025-02-28T10:57:00.804556-03:00] name.INFO: Página acessada. {"pagina":"ListUsers","parametro":"2"} []
[2025-02-28T10:57:04.392426-03:00] name.INFO: Página acessada. {"pagina":"ListUsers","parametro":"delete-user"} []
[2025-02-28T10:58:27.705052-03:00] name.INFO: Página acessada. {"pagina":"ListUsers","parametro":"delete-user"} []
[2025-02-28T10:58:29.068264-03:00] name.INFO: Página acessada. {"pagina":"ListUsers","parametro":"2"} []
[2025-02-28T10:58:29.887181-03:00] name.INFO: Página acessada. {"pagina":"ListUsers","parametro":"3"} []
[2025-02-28T10:58:31.666535-03:00] name.INFO: Página acessada. {"pagina":"DeleteUser","parametro":""} []
[2025-02-28T10:58:31.720081-03:00] name.INFO: Página acessada. {"pagina":"ListUsers","parametro":""} []
[2025-02-28T10:58:33.514286-03:00] name.INFO: Página acessada. {"pagina":"ListUsers","parametro":"2"} []
[2025-02-28T10:58:34.937447-03:00] name.INFO: Página acessada. {"pagina":"ListUsers","parametro":"1"} []
[2025-02-28T11:00:09.409188-03:00] name.INFO: Página acessada. {"pagina":"ListUsers","parametro":"1"} []
[2025-02-28T11:00:10.922337-03:00] name.INFO: Página acessada. {"pagina":"ListUsers","parametro":"2"} []
[2025-02-28T11:00:12.805113-03:00] name.INFO: Página acessada. {"pagina":"ViewUser","parametro":"4"} []
[2025-02-28T11:00:39.762811-03:00] name.INFO: Página acessada. {"pagina":"ViewUser","parametro":"4"} []
[2025-02-28T11:00:40.651558-03:00] name.INFO: Página acessada. {"pagina":"ViewUser","parametro":"4"} []
[2025-02-28T11:00:53.211082-03:00] name.INFO: Página acessada. {"pagina":"ViewUser","parametro":"4"} []
[2025-02-28T11:00:59.818261-03:00] name.INFO: Página acessada. {"pagina":"DeleteUser","parametro":""} []
[2025-02-28T11:00:59.845433-03:00] name.INFO: Página acessada. {"pagina":"ListUsers","parametro":""} []
[2025-02-28T11:01:01.215636-03:00] name.INFO: Página acessada. {"pagina":"ListUsers","parametro":"2"} []
[2025-02-28T11:01:02.339134-03:00] name.INFO: Página acessada. {"pagina":"ListUsers","parametro":"1"} []
[2025-02-28T17:48:28.196419-03:00] name.INFO: Página acessada. {"pagina":"Logout","parametro":""} []
[2025-02-28T17:48:28.230325-03:00] name.INFO: Página acessada. {"pagina":"Login","parametro":""} []
[2025-02-28T17:49:50.291732-03:00] name.INFO: Página acessada. {"pagina":"Login","parametro":""} []
[2025-02-28T17:50:10.256579-03:00] name.INFO: Página acessada. {"pagina":"Login","parametro":""} []
[2025-02-28T17:50:24.145453-03:00] name.INFO: Página acessada. {"pagina":"Login","parametro":""} []
[2025-02-28T17:50:29.022521-03:00] name.INFO: Página acessada. {"pagina":"Login","parametro":""} []
[2025-02-28T17:50:34.684258-03:00] name.INFO: Página acessada. {"pagina":"Login","parametro":""} []
[2025-02-28T17:50:35.368069-03:00] name.INFO: Página acessada. {"pagina":"Login","parametro":""} []
[2025-02-28T17:50:43.808000-03:00] name.INFO: Página acessada. {"pagina":"Login","parametro":""} []
[2025-02-28T17:50:48.378295-03:00] name.INFO: Página acessada. {"pagina":"Login","parametro":""} []
[2025-02-28T17:50:54.506196-03:00] name.INFO: Página acessada. {"pagina":"Login","parametro":""} []
[2025-02-28T17:50:54.640632-03:00] name.ERROR: Usuário incorreto {"username":"josemarti"} []
[2025-02-28T17:51:03.724089-03:00] name.INFO: Página acessada. {"pagina":"Login","parametro":""} []
[2025-02-28T17:51:03.981183-03:00] name.INFO: Página acessada. {"pagina":"Dashboard","parametro":""} []
[2025-02-28T17:51:18.991809-03:00] name.INFO: Página acessada. {"pagina":"ListUsers","parametro":""} []
[2025-02-28T17:51:21.164000-03:00] name.INFO: Página acessada. {"pagina":"ListUsers","parametro":"2"} []
[2025-02-28T17:51:22.436354-03:00] name.INFO: Página acessada. {"pagina":"ListUsers","parametro":"1"} []
[2025-02-28T17:51:23.704458-03:00] name.INFO: Página acessada. {"pagina":"ListUsers","parametro":"2"} []
[2025-02-28T17:51:25.045285-03:00] name.INFO: Página acessada. {"pagina":"ListUsers","parametro":"1"} []
[2025-02-28T17:51:28.021520-03:00] name.INFO: Página acessada. {"pagina":"Dashboard","parametro":""} []
[2025-02-28T17:51:36.279936-03:00] name.INFO: Página acessada. {"pagina":"ListUsers","parametro":""} []
[2025-02-28T17:51:36.680062-03:00] name.INFO: Página acessada. {"pagina":"ListUsers","parametro":""} []
